<?xml version="1.0" encoding="UTF-8"?>
<coverage generated="1773483480">
  <project timestamp="1773483480">
    <file name="/var/www/natalcode/src/Application/Actions/Action.php">
      <class name="App\Application\Actions\Action" namespace="global">
        <metrics complexity="8" methods="6" coveredmethods="4" conditionals="0" coveredconditionals="0" statements="18" coveredstatements="16" elements="24" coveredelements="20"/>
      </class>
      <line num="24" type="method" name="__construct" visibility="public" complexity="1" crap="1" count="5"/>
      <line num="26" type="stmt" count="5"/>
      <line num="33" type="method" name="__invoke" visibility="public" complexity="2" crap="2" count="5"/>
      <line num="35" type="stmt" count="5"/>
      <line num="36" type="stmt" count="5"/>
      <line num="37" type="stmt" count="5"/>
      <line num="40" type="stmt" count="5"/>
      <line num="41" type="stmt" count="1"/>
      <line num="42" type="stmt" count="1"/>
      <line num="55" type="method" name="getFormData" visibility="protected" complexity="1" crap="2" count="0"/>
      <line num="57" type="stmt" count="0"/>
      <line num="64" type="method" name="resolveArg" visibility="protected" complexity="2" crap="2.15" count="2"/>
      <line num="66" type="stmt" count="2"/>
      <line num="67" type="stmt" count="0"/>
      <line num="70" type="stmt" count="2"/>
      <line num="76" type="method" name="respondWithData" visibility="protected" complexity="1" crap="1" count="3"/>
      <line num="78" type="stmt" count="3"/>
      <line num="80" type="stmt" count="3"/>
      <line num="83" type="method" name="respond" visibility="protected" complexity="1" crap="1" count="4"/>
      <line num="85" type="stmt" count="4"/>
      <line num="86" type="stmt" count="4"/>
      <line num="88" type="stmt" count="4"/>
      <line num="89" type="stmt" count="4"/>
      <line num="90" type="stmt" count="4"/>
      <metrics loc="93" ncloc="75" classes="1" methods="6" coveredmethods="4" conditionals="0" coveredconditionals="0" statements="18" coveredstatements="16" elements="24" coveredelements="20"/>
    </file>
    <file name="/var/www/natalcode/src/Application/Actions/ActionError.php">
      <class name="App\Application\Actions\ActionError" namespace="global">
        <metrics complexity="6" methods="6" coveredmethods="4" conditionals="0" coveredconditionals="0" statements="12" coveredstatements="10" elements="18" coveredelements="14"/>
      </class>
      <line num="25" type="method" name="__construct" visibility="public" complexity="1" crap="1" count="1"/>
      <line num="27" type="stmt" count="1"/>
      <line num="28" type="stmt" count="1"/>
      <line num="31" type="method" name="getType" visibility="public" complexity="1" crap="2" count="0"/>
      <line num="33" type="stmt" count="0"/>
      <line num="36" type="method" name="setType" visibility="public" complexity="1" crap="1" count="1"/>
      <line num="38" type="stmt" count="1"/>
      <line num="39" type="stmt" count="1"/>
      <line num="42" type="method" name="getDescription" visibility="public" complexity="1" crap="2" count="0"/>
      <line num="44" type="stmt" count="0"/>
      <line num="47" type="method" name="setDescription" visibility="public" complexity="1" crap="1" count="1"/>
      <line num="49" type="stmt" count="1"/>
      <line num="50" type="stmt" count="1"/>
      <line num="53" type="method" name="jsonSerialize" visibility="public" complexity="1" crap="1" count="1"/>
      <line num="56" type="stmt" count="1"/>
      <line num="57" type="stmt" count="1"/>
      <line num="58" type="stmt" count="1"/>
      <line num="59" type="stmt" count="1"/>
      <metrics loc="62" ncloc="62" classes="1" methods="6" coveredmethods="4" conditionals="0" coveredconditionals="0" statements="12" coveredstatements="10" elements="18" coveredelements="14"/>
    </file>
    <file name="/var/www/natalcode/src/Application/Actions/ActionPayload.php">
      <class name="App\Application\Actions\ActionPayload" namespace="global">
        <metrics complexity="7" methods="5" coveredmethods="3" conditionals="0" coveredconditionals="0" statements="14" coveredstatements="12" elements="19" coveredelements="15"/>
      </class>
      <line num="20" type="method" name="__construct" visibility="public" complexity="1" crap="1" count="5"/>
      <line num="25" type="stmt" count="5"/>
      <line num="26" type="stmt" count="5"/>
      <line num="27" type="stmt" count="5"/>
      <line num="30" type="method" name="getStatusCode" visibility="public" complexity="1" crap="1" count="4"/>
      <line num="32" type="stmt" count="4"/>
      <line num="38" type="method" name="getData" visibility="public" complexity="1" crap="2" count="0"/>
      <line num="40" type="stmt" count="0"/>
      <line num="43" type="method" name="getError" visibility="public" complexity="1" crap="2" count="0"/>
      <line num="45" type="stmt" count="0"/>
      <line num="48" type="method" name="jsonSerialize" visibility="public" complexity="3" crap="3" count="5"/>
      <line num="51" type="stmt" count="5"/>
      <line num="52" type="stmt" count="5"/>
      <line num="53" type="stmt" count="5"/>
      <line num="55" type="stmt" count="5"/>
      <line num="56" type="stmt" count="4"/>
      <line num="57" type="stmt" count="1"/>
      <line num="58" type="stmt" count="1"/>
      <line num="61" type="stmt" count="5"/>
      <metrics loc="64" ncloc="58" classes="1" methods="5" coveredmethods="3" conditionals="0" coveredconditionals="0" statements="14" coveredstatements="12" elements="19" coveredelements="15"/>
    </file>
    <file name="/var/www/natalcode/src/Application/Actions/User/ListUsersAction.php">
      <class name="App\Application\Actions\User\ListUsersAction" namespace="global">
        <metrics complexity="1" methods="1" coveredmethods="1" conditionals="0" coveredconditionals="0" statements="3" coveredstatements="3" elements="4" coveredelements="4"/>
      </class>
      <line num="14" type="method" name="action" visibility="protected" complexity="1" crap="1" count="1"/>
      <line num="16" type="stmt" count="1"/>
      <line num="18" type="stmt" count="1"/>
      <line num="20" type="stmt" count="1"/>
      <metrics loc="23" ncloc="20" classes="1" methods="1" coveredmethods="1" conditionals="0" coveredconditionals="0" statements="3" coveredstatements="3" elements="4" coveredelements="4"/>
    </file>
    <file name="/var/www/natalcode/src/Application/Actions/User/UserAction.php">
      <class name="App\Application\Actions\User\UserAction" namespace="global">
        <metrics complexity="1" methods="1" coveredmethods="1" conditionals="0" coveredconditionals="0" statements="2" coveredstatements="2" elements="3" coveredelements="3"/>
      </class>
      <line num="15" type="method" name="__construct" visibility="public" complexity="1" crap="1" count="3"/>
      <line num="17" type="stmt" count="3"/>
      <line num="18" type="stmt" count="3"/>
      <metrics loc="21" ncloc="21" classes="1" methods="1" coveredmethods="1" conditionals="0" coveredconditionals="0" statements="2" coveredstatements="2" elements="3" coveredelements="3"/>
    </file>
    <file name="/var/www/natalcode/src/Application/Actions/User/ViewUserAction.php">
      <class name="App\Application\Actions\User\ViewUserAction" namespace="global">
        <metrics complexity="1" methods="1" coveredmethods="1" conditionals="0" coveredconditionals="0" statements="4" coveredstatements="4" elements="5" coveredelements="5"/>
      </class>
      <line num="14" type="method" name="action" visibility="protected" complexity="1" crap="1" count="2"/>
      <line num="16" type="stmt" count="2"/>
      <line num="17" type="stmt" count="2"/>
      <line num="19" type="stmt" count="1"/>
      <line num="21" type="stmt" count="1"/>
      <metrics loc="24" ncloc="21" classes="1" methods="1" coveredmethods="1" conditionals="0" coveredconditionals="0" statements="4" coveredstatements="4" elements="5" coveredelements="5"/>
    </file>
    <file name="/var/www/natalcode/src/Application/Handlers/HttpErrorHandler.php">
      <class name="App\Application\Handlers\HttpErrorHandler" namespace="global">
        <metrics complexity="11" methods="1" coveredmethods="0" conditionals="0" coveredconditionals="0" statements="30" coveredstatements="19" elements="31" coveredelements="19"/>
      </class>
      <line num="25" type="method" name="respond" visibility="protected" complexity="11" crap="16.96" count="1"/>
      <line num="27" type="stmt" count="1"/>
      <line num="28" type="stmt" count="1"/>
      <line num="29" type="stmt" count="1"/>
      <line num="30" type="stmt" count="1"/>
      <line num="31" type="stmt" count="1"/>
      <line num="32" type="stmt" count="1"/>
      <line num="34" type="stmt" count="1"/>
      <line num="35" type="stmt" count="1"/>
      <line num="36" type="stmt" count="1"/>
      <line num="38" type="stmt" count="1"/>
      <line num="39" type="stmt" count="1"/>
      <line num="40" type="stmt" count="0"/>
      <line num="41" type="stmt" count="0"/>
      <line num="42" type="stmt" count="0"/>
      <line num="43" type="stmt" count="0"/>
      <line num="44" type="stmt" count="0"/>
      <line num="45" type="stmt" count="0"/>
      <line num="46" type="stmt" count="0"/>
      <line num="47" type="stmt" count="0"/>
      <line num="48" type="stmt" count="0"/>
      <line num="49" type="stmt" count="0"/>
      <line num="54" type="stmt" count="1"/>
      <line num="55" type="stmt" count="1"/>
      <line num="56" type="stmt" count="1"/>
      <line num="58" type="stmt" count="0"/>
      <line num="61" type="stmt" count="1"/>
      <line num="62" type="stmt" count="1"/>
      <line num="64" type="stmt" count="1"/>
      <line num="65" type="stmt" count="1"/>
      <line num="67" type="stmt" count="1"/>
      <metrics loc="70" ncloc="67" classes="1" methods="1" coveredmethods="0" conditionals="0" coveredconditionals="0" statements="30" coveredstatements="19" elements="31" coveredelements="19"/>
    </file>
    <file name="/var/www/natalcode/src/Application/Handlers/ShutdownHandler.php">
      <class name="App\Application\Handlers\ShutdownHandler" namespace="global">
        <metrics complexity="8" methods="2" coveredmethods="0" conditionals="0" coveredconditionals="0" statements="34" coveredstatements="0" elements="36" coveredelements="0"/>
      </class>
      <line num="19" type="method" name="__construct" visibility="public" complexity="1" crap="2" count="0"/>
      <line num="24" type="stmt" count="0"/>
      <line num="25" type="stmt" count="0"/>
      <line num="26" type="stmt" count="0"/>
      <line num="29" type="method" name="__invoke" visibility="public" complexity="7" crap="56" count="0"/>
      <line num="31" type="stmt" count="0"/>
      <line num="32" type="stmt" count="0"/>
      <line num="33" type="stmt" count="0"/>
      <line num="34" type="stmt" count="0"/>
      <line num="35" type="stmt" count="0"/>
      <line num="36" type="stmt" count="0"/>
      <line num="37" type="stmt" count="0"/>
      <line num="39" type="stmt" count="0"/>
      <line num="41" type="stmt" count="0"/>
      <line num="42" type="stmt" count="0"/>
      <line num="43" type="stmt" count="0"/>
      <line num="44" type="stmt" count="0"/>
      <line num="46" type="stmt" count="0"/>
      <line num="47" type="stmt" count="0"/>
      <line num="48" type="stmt" count="0"/>
      <line num="50" type="stmt" count="0"/>
      <line num="51" type="stmt" count="0"/>
      <line num="52" type="stmt" count="0"/>
      <line num="55" type="stmt" count="0"/>
      <line num="56" type="stmt" count="0"/>
      <line num="57" type="stmt" count="0"/>
      <line num="61" type="stmt" count="0"/>
      <line num="62" type="stmt" count="0"/>
      <line num="63" type="stmt" count="0"/>
      <line num="64" type="stmt" count="0"/>
      <line num="65" type="stmt" count="0"/>
      <line num="66" type="stmt" count="0"/>
      <line num="67" type="stmt" count="0"/>
      <line num="68" type="stmt" count="0"/>
      <line num="70" type="stmt" count="0"/>
      <line num="71" type="stmt" count="0"/>
      <metrics loc="75" ncloc="75" classes="1" methods="2" coveredmethods="0" conditionals="0" coveredconditionals="0" statements="34" coveredstatements="0" elements="36" coveredelements="0"/>
    </file>
    <file name="/var/www/natalcode/src/Application/Middleware/SessionMiddleware.php">
      <class name="App\Application\Middleware\SessionMiddleware" namespace="global">
        <metrics complexity="2" methods="1" coveredmethods="0" conditionals="0" coveredconditionals="0" statements="4" coveredstatements="2" elements="5" coveredelements="2"/>
      </class>
      <line num="17" type="method" name="process" visibility="public" complexity="2" crap="2.50" count="5"/>
      <line num="19" type="stmt" count="5"/>
      <line num="20" type="stmt" count="0"/>
      <line num="21" type="stmt" count="0"/>
      <line num="24" type="stmt" count="5"/>
      <metrics loc="27" ncloc="24" classes="1" methods="1" coveredmethods="0" conditionals="0" coveredconditionals="0" statements="4" coveredstatements="2" elements="5" coveredelements="2"/>
    </file>
    <file name="/var/www/natalcode/src/Application/ResponseEmitter/ResponseEmitter.php">
      <class name="App\Application\ResponseEmitter\ResponseEmitter" namespace="global">
        <metrics complexity="2" methods="1" coveredmethods="0" conditionals="0" coveredconditionals="0" statements="15" coveredstatements="0" elements="16" coveredelements="0"/>
      </class>
      <line num="15" type="method" name="emit" visibility="public" complexity="2" crap="6" count="0"/>
      <line num="18" type="stmt" count="0"/>
      <line num="20" type="stmt" count="0"/>
      <line num="21" type="stmt" count="0"/>
      <line num="22" type="stmt" count="0"/>
      <line num="23" type="stmt" count="0"/>
      <line num="24" type="stmt" count="0"/>
      <line num="25" type="stmt" count="0"/>
      <line num="26" type="stmt" count="0"/>
      <line num="27" type="stmt" count="0"/>
      <line num="28" type="stmt" count="0"/>
      <line num="29" type="stmt" count="0"/>
      <line num="30" type="stmt" count="0"/>
      <line num="32" type="stmt" count="0"/>
      <line num="33" type="stmt" count="0"/>
      <line num="36" type="stmt" count="0"/>
      <metrics loc="39" ncloc="35" classes="1" methods="1" coveredmethods="0" conditionals="0" coveredconditionals="0" statements="15" coveredstatements="0" elements="16" coveredelements="0"/>
    </file>
    <file name="/var/www/natalcode/src/Application/Settings/Settings.php">
      <class name="App\Application\Settings\Settings" namespace="global">
        <metrics complexity="3" methods="2" coveredmethods="2" conditionals="0" coveredconditionals="0" statements="2" coveredstatements="2" elements="4" coveredelements="4"/>
      </class>
      <line num="11" type="method" name="__construct" visibility="public" complexity="1" crap="1" count="5"/>
      <line num="13" type="stmt" count="5"/>
      <line num="19" type="method" name="get" visibility="public" complexity="2" crap="2" count="5"/>
      <line num="21" type="stmt" count="5"/>
      <metrics loc="24" ncloc="21" classes="1" methods="2" coveredmethods="2" conditionals="0" coveredconditionals="0" statements="2" coveredstatements="2" elements="4" coveredelements="4"/>
    </file>
    <file name="/var/www/natalcode/src/Application/Settings/SettingsInterface.php">
      <metrics loc="15" ncloc="11" classes="0" methods="0" coveredmethods="0" conditionals="0" coveredconditionals="0" statements="0" coveredstatements="0" elements="0" coveredelements="0"/>
    </file>
    <file name="/var/www/natalcode/src/Domain/DomainException/DomainException.php">
      <class name="App\Domain\DomainException\DomainException" namespace="global">
        <metrics complexity="0" methods="0" coveredmethods="0" conditionals="0" coveredconditionals="0" statements="0" coveredstatements="0" elements="0" coveredelements="0"/>
      </class>
      <metrics loc="12" ncloc="12" classes="0" methods="0" coveredmethods="0" conditionals="0" coveredconditionals="0" statements="0" coveredstatements="0" elements="0" coveredelements="0"/>
    </file>
    <file name="/var/www/natalcode/src/Domain/DomainException/DomainRecordNotFoundException.php">
      <class name="App\Domain\DomainException\DomainRecordNotFoundException" namespace="global">
        <metrics complexity="0" methods="0" coveredmethods="0" conditionals="0" coveredconditionals="0" statements="0" coveredstatements="0" elements="0" coveredelements="0"/>
      </class>
      <metrics loc="10" ncloc="10" classes="0" methods="0" coveredmethods="0" conditionals="0" coveredconditionals="0" statements="0" coveredstatements="0" elements="0" coveredelements="0"/>
    </file>
    <file name="/var/www/natalcode/src/Domain/User/User.php">
      <class name="App\Domain\User\User" namespace="global">
        <metrics complexity="6" methods="6" coveredmethods="6" conditionals="0" coveredconditionals="0" statements="14" coveredstatements="14" elements="20" coveredelements="20"/>
      </class>
      <line num="19" type="method" name="__construct" visibility="public" complexity="1" crap="1" count="15"/>
      <line num="21" type="stmt" count="15"/>
      <line num="22" type="stmt" count="15"/>
      <line num="23" type="stmt" count="15"/>
      <line num="24" type="stmt" count="15"/>
      <line num="27" type="method" name="getId" visibility="public" complexity="1" crap="1" count="5"/>
      <line num="29" type="stmt" count="5"/>
      <line num="32" type="method" name="getUsername" visibility="public" complexity="1" crap="1" count="5"/>
      <line num="34" type="stmt" count="5"/>
      <line num="37" type="method" name="getFirstName" visibility="public" complexity="1" crap="1" count="5"/>
      <line num="39" type="stmt" count="5"/>
      <line num="42" type="method" name="getLastName" visibility="public" complexity="1" crap="1" count="5"/>
      <line num="44" type="stmt" count="5"/>
      <line num="47" type="method" name="jsonSerialize" visibility="public" complexity="1" crap="1" count="7"/>
      <line num="50" type="stmt" count="7"/>
      <line num="51" type="stmt" count="7"/>
      <line num="52" type="stmt" count="7"/>
      <line num="53" type="stmt" count="7"/>
      <line num="54" type="stmt" count="7"/>
      <line num="55" type="stmt" count="7"/>
      <metrics loc="58" ncloc="58" classes="1" methods="6" coveredmethods="6" conditionals="0" coveredconditionals="0" statements="14" coveredstatements="14" elements="20" coveredelements="20"/>
    </file>
    <file name="/var/www/natalcode/src/Domain/User/UserNotFoundException.php">
      <class name="App\Domain\User\UserNotFoundException" namespace="global">
        <metrics complexity="0" methods="0" coveredmethods="0" conditionals="0" coveredconditionals="0" statements="0" coveredstatements="0" elements="0" coveredelements="0"/>
      </class>
      <metrics loc="13" ncloc="13" classes="0" methods="0" coveredmethods="0" conditionals="0" coveredconditionals="0" statements="0" coveredstatements="0" elements="0" coveredelements="0"/>
    </file>
    <file name="/var/www/natalcode/src/Domain/User/UserRepository.php">
      <metrics loc="21" ncloc="13" classes="0" methods="0" coveredmethods="0" conditionals="0" coveredconditionals="0" statements="0" coveredstatements="0" elements="0" coveredelements="0"/>
    </file>
    <file name="/var/www/natalcode/src/Infrastructure/Persistence/User/InMemoryUserRepository.php">
      <class name="App\Infrastructure\Persistence\User\InMemoryUserRepository" namespace="global">
        <metrics complexity="4" methods="3" coveredmethods="3" conditionals="0" coveredconditionals="0" statements="10" coveredstatements="10" elements="13" coveredelements="13"/>
      </class>
      <line num="21" type="method" name="__construct" visibility="public" complexity="1" crap="1" count="4"/>
      <line num="23" type="stmt" count="4"/>
      <line num="24" type="stmt" count="4"/>
      <line num="25" type="stmt" count="4"/>
      <line num="26" type="stmt" count="4"/>
      <line num="27" type="stmt" count="4"/>
      <line num="28" type="stmt" count="4"/>
      <line num="35" type="method" name="findAll" visibility="public" complexity="1" crap="1" count="2"/>
      <line num="37" type="stmt" count="2"/>
      <line num="43" type="method" name="findUserOfId" visibility="public" complexity="2" crap="2" count="2"/>
      <line num="45" type="stmt" count="2"/>
      <line num="46" type="stmt" count="1"/>
      <line num="49" type="stmt" count="1"/>
      <metrics loc="52" ncloc="40" classes="1" methods="3" coveredmethods="3" conditionals="0" coveredconditionals="0" statements="10" coveredstatements="10" elements="13" coveredelements="13"/>
    </file>
    <metrics files="18" loc="703" ncloc="636" classes="13" methods="36" coveredmethods="25" conditionals="0" coveredconditionals="0" statements="162" coveredstatements="94" elements="198" coveredelements="119"/>
  </project>
</coverage>
